
































































































































































































































































Using device: cpu
Using cpu device
Logging to ./tensorboard_logs/PPO_1
------------------------------
| time/              |       |
|    fps             | 1584  |
|    iterations      | 1     |
|    time_elapsed    | 10    |
|    total_timesteps | 16384 |
------------------------------
----------------------------------------
| time/                   |            |
|    fps                  | 323        |
|    iterations           | 2          |
|    time_elapsed         | 101        |
|    total_timesteps      | 32768      |
| train/                  |            |
|    approx_kl            | 0.35730115 |
|    clip_fraction        | 0.897      |
|    clip_range           | 0.2        |
|    entropy_loss         | -33.8      |
|    explained_variance   | -1.07e+03  |
|    learning_rate        | 0.0005     |
|    loss                 | 0.111      |
|    n_updates            | 10         |
|    policy_gradient_loss | 0.264      |
|    std                  | 0.991      |
|    value_loss           | 2.78       |
----------------------------------------
-----------------------------------------
| time/                   |             |
|    fps                  | 256         |
|    iterations           | 3           |
|    time_elapsed         | 191         |
|    total_timesteps      | 49152       |
| train/                  |             |
|    approx_kl            | 0.067595415 |
|    clip_fraction        | 0.34        |
|    clip_range           | 0.2         |
|    entropy_loss         | -30.1       |
|    explained_variance   | -102        |
|    learning_rate        | 0.0005      |
|    loss                 | 0.0315      |
|    n_updates            | 20          |
|    policy_gradient_loss | 0.034       |
|    std                  | 1.03        |
|    value_loss           | 0.278       |
-----------------------------------------
---------------------------------------
| time/                   |           |
|    fps                  | 230       |
|    iterations           | 4         |
|    time_elapsed         | 284       |
|    total_timesteps      | 65536     |
| train/                  |           |
|    approx_kl            | 1.2754632 |
|    clip_fraction        | 0.967     |
|    clip_range           | 0.2       |
|    entropy_loss         | -34.8     |
|    explained_variance   | -76       |
|    learning_rate        | 0.0005    |
|    loss                 | 0.048     |
|    n_updates            | 30        |
|    policy_gradient_loss | 0.285     |
|    std                  | 0.972     |
|    value_loss           | 0.14      |
---------------------------------------
-----------------------------------------
| time/                   |             |
|    fps                  | 218         |
|    iterations           | 5           |
|    time_elapsed         | 375         |
|    total_timesteps      | 81920       |
| train/                  |             |
|    approx_kl            | 0.017006401 |
|    clip_fraction        | 0.196       |
|    clip_range           | 0.2         |
|    entropy_loss         | -32.7       |
|    explained_variance   | -10.1       |
|    learning_rate        | 0.0005      |
|    loss                 | -0.0411     |
|    n_updates            | 40          |
|    policy_gradient_loss | -0.00419    |
|    std                  | 0.999       |
|    value_loss           | 0.0133      |
-----------------------------------------
-----------------------------------------
| time/                   |             |
|    fps                  | 210         |
|    iterations           | 6           |
|    time_elapsed         | 467         |
|    total_timesteps      | 98304       |
| train/                  |             |
|    approx_kl            | 0.031872638 |
|    clip_fraction        | 0.327       |
|    clip_range           | 0.2         |
|    entropy_loss         | -32.7       |
|    explained_variance   | -0.246      |
|    learning_rate        | 0.0005      |
|    loss                 | -0.0288     |
|    n_updates            | 50          |
|    policy_gradient_loss | -0.0304     |
|    std                  | 0.941       |
|    value_loss           | 0.00288     |
-----------------------------------------
-----------------------------------------
| time/                   |             |
|    fps                  | 204         |
|    iterations           | 7           |
|    time_elapsed         | 561         |
|    total_timesteps      | 114688      |
| train/                  |             |
|    approx_kl            | 0.022809466 |
|    clip_fraction        | 0.269       |
|    clip_range           | 0.2         |
|    entropy_loss         | -32.6       |
|    explained_variance   | -0.0185     |
|    learning_rate        | 0.0005      |
|    loss                 | -0.0966     |
|    n_updates            | 60          |
|    policy_gradient_loss | -0.0325     |
|    std                  | 0.927       |
|    value_loss           | 0.00175     |
-----------------------------------------
-----------------------------------------
| time/                   |             |
|    fps                  | 198         |
|    iterations           | 8           |
|    time_elapsed         | 659         |
|    total_timesteps      | 131072      |
| train/                  |             |
|    approx_kl            | 0.018806228 |
|    clip_fraction        | 0.231       |
|    clip_range           | 0.2         |
|    entropy_loss         | -32.5       |
|    explained_variance   | 0.00165     |
|    learning_rate        | 0.0005      |
|    loss                 | 0.0193      |
|    n_updates            | 70          |
|    policy_gradient_loss | -0.0209     |
|    std                  | 0.906       |
|    value_loss           | 0.00145     |
-----------------------------------------
-----------------------------------------
| time/                   |             |
|    fps                  | 192         |
|    iterations           | 9           |
|    time_elapsed         | 767         |
|    total_timesteps      | 147456      |
| train/                  |             |
|    approx_kl            | 0.019733883 |
|    clip_fraction        | 0.244       |
|    clip_range           | 0.2         |
|    entropy_loss         | -32.3       |
|    explained_variance   | 0.00348     |
|    learning_rate        | 0.0005      |
|    loss                 | -0.0321     |
|    n_updates            | 80          |
|    policy_gradient_loss | -0.0231     |
|    std                  | 0.878       |
|    value_loss           | 0.00146     |
-----------------------------------------
---------------------------------------
| time/                   |           |
|    fps                  | 187       |
|    iterations           | 10        |
|    time_elapsed         | 872       |
|    total_timesteps      | 163840    |
| train/                  |           |
|    approx_kl            | 0.0411115 |
|    clip_fraction        | 0.241     |
|    clip_range           | 0.2       |
|    entropy_loss         | -32.2     |
|    explained_variance   | 0.0013    |
|    learning_rate        | 0.0005    |
|    loss                 | -0.0775   |
|    n_updates            | 90        |
|    policy_gradient_loss | -0.0248   |
|    std                  | 0.871     |
|    value_loss           | 0.00145   |
---------------------------------------
----------------------------------------
| time/                   |            |
|    fps                  | 184        |
|    iterations           | 11         |
|    time_elapsed         | 979        |
|    total_timesteps      | 180224     |
| train/                  |            |
|    approx_kl            | 0.05392665 |
|    clip_fraction        | 0.349      |
|    clip_range           | 0.2        |
|    entropy_loss         | -32.2      |
|    explained_variance   | 0.000736   |
|    learning_rate        | 0.0005     |
|    loss                 | -0.0935    |
|    n_updates            | 100        |
|    policy_gradient_loss | -0.0425    |
|    std                  | 0.854      |
|    value_loss           | 0.00151    |
----------------------------------------
----------------------------------------
| time/                   |            |
|    fps                  | 182        |
|    iterations           | 12         |
|    time_elapsed         | 1079       |
|    total_timesteps      | 196608     |
| train/                  |            |
|    approx_kl            | 0.04587055 |
|    clip_fraction        | 0.38       |
|    clip_range           | 0.2        |
|    entropy_loss         | -32.1      |
|    explained_variance   | 0.00197    |
|    learning_rate        | 0.0005     |
|    loss                 | -0.12      |
|    n_updates            | 110        |
|    policy_gradient_loss | -0.0412    |
|    std                  | 0.83       |
|    value_loss           | 0.00154    |
----------------------------------------
-----------------------------------------
| time/                   |             |
|    fps                  | 181         |
|    iterations           | 13          |
|    time_elapsed         | 1176        |
|    total_timesteps      | 212992      |
| train/                  |             |
|    approx_kl            | 0.039728094 |
|    clip_fraction        | 0.35        |
|    clip_range           | 0.2         |
|    entropy_loss         | -31.9       |
|    explained_variance   | 0.00395     |
|    learning_rate        | 0.0005      |
|    loss                 | -0.0841     |
|    n_updates            | 120         |
|    policy_gradient_loss | -0.035      |
|    std                  | 0.824       |
|    value_loss           | 0.00158     |
-----------------------------------------
-----------------------------------------
| time/                   |             |
|    fps                  | 179         |
|    iterations           | 14          |
|    time_elapsed         | 1274        |
|    total_timesteps      | 229376      |
| train/                  |             |
|    approx_kl            | 0.029607747 |
|    clip_fraction        | 0.31        |
|    clip_range           | 0.2         |
|    entropy_loss         | -31.8       |
|    explained_variance   | 0.00903     |
|    learning_rate        | 0.0005      |
|    loss                 | -0.00549    |
|    n_updates            | 130         |
|    policy_gradient_loss | -0.0239     |
|    std                  | 0.815       |
|    value_loss           | 0.00158     |
-----------------------------------------
-----------------------------------------
| time/                   |             |
|    fps                  | 178         |
|    iterations           | 15          |
|    time_elapsed         | 1374        |
|    total_timesteps      | 245760      |
| train/                  |             |
|    approx_kl            | 0.028487017 |
|    clip_fraction        | 0.302       |
|    clip_range           | 0.2         |
|    entropy_loss         | -31.7       |
|    explained_variance   | 0.00824     |
|    learning_rate        | 0.0005      |
|    loss                 | -0.0164     |
|    n_updates            | 140         |
|    policy_gradient_loss | -0.0196     |
|    std                  | 0.808       |
|    value_loss           | 0.00156     |
-----------------------------------------
----------------------------------------
| time/                   |            |
|    fps                  | 176        |
|    iterations           | 16         |
|    time_elapsed         | 1481       |
|    total_timesteps      | 262144     |
| train/                  |            |
|    approx_kl            | 0.03239566 |
|    clip_fraction        | 0.302      |
|    clip_range           | 0.2        |
|    entropy_loss         | -31.6      |
|    explained_variance   | 0.00711    |
|    learning_rate        | 0.0005     |
|    loss                 | -0.0795    |
|    n_updates            | 150        |
|    policy_gradient_loss | -0.0191    |
|    std                  | 0.804      |
|    value_loss           | 0.0016     |
----------------------------------------
-----------------------------------------
| time/                   |             |
|    fps                  | 174         |
|    iterations           | 17          |
|    time_elapsed         | 1592        |
|    total_timesteps      | 278528      |
| train/                  |             |
|    approx_kl            | 0.039064102 |
|    clip_fraction        | 0.341       |
|    clip_range           | 0.2         |
|    entropy_loss         | -31.4       |
|    explained_variance   | 0.00693     |
|    learning_rate        | 0.0005      |
|    loss                 | -0.0611     |
|    n_updates            | 160         |
|    policy_gradient_loss | -0.0175     |
|    std                  | 0.8         |
|    value_loss           | 0.0016      |
-----------------------------------------
---------------------------------------
| time/                   |           |
|    fps                  | 173       |
|    iterations           | 18        |
|    time_elapsed         | 1701      |
|    total_timesteps      | 294912    |
| train/                  |           |
|    approx_kl            | 0.0450541 |
|    clip_fraction        | 0.382     |
|    clip_range           | 0.2       |
|    entropy_loss         | -31.4     |
|    explained_variance   | 0.00766   |
|    learning_rate        | 0.0005    |
|    loss                 | -0.0904   |
|    n_updates            | 170       |
|    policy_gradient_loss | -0.0261   |
|    std                  | 0.799     |
|    value_loss           | 0.00159   |
---------------------------------------
----------------------------------------
| time/                   |            |
|    fps                  | 172        |
|    iterations           | 19         |
|    time_elapsed         | 1800       |
|    total_timesteps      | 311296     |
| train/                  |            |
|    approx_kl            | 0.03822045 |
|    clip_fraction        | 0.371      |
|    clip_range           | 0.2        |
|    entropy_loss         | -31.3      |
|    explained_variance   | 0.00709    |
|    learning_rate        | 0.0005     |
|    loss                 | -0.0201    |
|    n_updates            | 180        |
|    policy_gradient_loss | -0.0167    |
|    std                  | 0.8        |
|    value_loss           | 0.00164    |
----------------------------------------
-----------------------------------------
| time/                   |             |
|    fps                  | 171         |
|    iterations           | 20          |
|    time_elapsed         | 1906        |
|    total_timesteps      | 327680      |
| train/                  |             |
|    approx_kl            | 0.051849738 |
|    clip_fraction        | 0.389       |
|    clip_range           | 0.2         |
|    entropy_loss         | -31.2       |
|    explained_variance   | 0.00627     |
|    learning_rate        | 0.0005      |
|    loss                 | -0.133      |
|    n_updates            | 190         |
|    policy_gradient_loss | -0.0266     |
|    std                  | 0.794       |
|    value_loss           | 0.00164     |
-----------------------------------------
----------------------------------------
| time/                   |            |
|    fps                  | 170        |
|    iterations           | 21         |
|    time_elapsed         | 2016       |
|    total_timesteps      | 344064     |
| train/                  |            |
|    approx_kl            | 0.06761858 |
|    clip_fraction        | 0.446      |
|    clip_range           | 0.2        |
|    entropy_loss         | -31        |
|    explained_variance   | 0.00387    |
|    learning_rate        | 0.0005     |
|    loss                 | -0.0485    |
|    n_updates            | 200        |
|    policy_gradient_loss | -0.0326    |
|    std                  | 0.796      |
|    value_loss           | 0.00163    |
----------------------------------------
----------------------------------------
| time/                   |            |
|    fps                  | 169        |
|    iterations           | 22         |
|    time_elapsed         | 2122       |
|    total_timesteps      | 360448     |
| train/                  |            |
|    approx_kl            | 0.06747042 |
|    clip_fraction        | 0.484      |
|    clip_range           | 0.2        |
|    entropy_loss         | -30.8      |
|    explained_variance   | 0.00848    |
|    learning_rate        | 0.0005     |
|    loss                 | -0.07      |
|    n_updates            | 210        |
|    policy_gradient_loss | -0.0357    |
|    std                  | 0.794      |
|    value_loss           | 0.00171    |
----------------------------------------
----------------------------------------
| time/                   |            |
|    fps                  | 169        |
|    iterations           | 23         |
|    time_elapsed         | 2227       |
|    total_timesteps      | 376832     |
| train/                  |            |
|    approx_kl            | 0.07148062 |
|    clip_fraction        | 0.508      |
|    clip_range           | 0.2        |
|    entropy_loss         | -30.7      |
|    explained_variance   | 0.0068     |
|    learning_rate        | 0.0005     |
|    loss                 | -0.137     |
|    n_updates            | 220        |
|    policy_gradient_loss | -0.0324    |
|    std                  | 0.789      |
|    value_loss           | 0.00164    |
----------------------------------------
----------------------------------------
| time/                   |            |
|    fps                  | 168        |
|    iterations           | 24         |
|    time_elapsed         | 2339       |
|    total_timesteps      | 393216     |
| train/                  |            |
|    approx_kl            | 0.11549349 |
|    clip_fraction        | 0.538      |
|    clip_range           | 0.2        |
|    entropy_loss         | -30.5      |
|    explained_variance   | 0.014      |
|    learning_rate        | 0.0005     |
|    loss                 | -0.0937    |
|    n_updates            | 230        |
|    policy_gradient_loss | -0.0437    |
|    std                  | 0.785      |
|    value_loss           | 0.00154    |
----------------------------------------
-----------------------------------------
| time/                   |             |
|    fps                  | 167         |
|    iterations           | 25          |
|    time_elapsed         | 2444        |
|    total_timesteps      | 409600      |
| train/                  |             |
|    approx_kl            | 0.086005256 |
|    clip_fraction        | 0.495       |
|    clip_range           | 0.2         |
|    entropy_loss         | -30.3       |
|    explained_variance   | 0.0138      |
|    learning_rate        | 0.0005      |
|    loss                 | 0.0448      |
|    n_updates            | 240         |
|    policy_gradient_loss | -0.0364     |
|    std                  | 0.781       |
|    value_loss           | 0.00138     |
-----------------------------------------
----------------------------------------
| time/                   |            |
|    fps                  | 167        |
|    iterations           | 26         |
|    time_elapsed         | 2550       |
|    total_timesteps      | 425984     |
| train/                  |            |
|    approx_kl            | 0.08203084 |
|    clip_fraction        | 0.469      |
|    clip_range           | 0.2        |
|    entropy_loss         | -29.9      |
|    explained_variance   | 0.0176     |
|    learning_rate        | 0.0005     |
|    loss                 | 0.00396    |
|    n_updates            | 250        |
|    policy_gradient_loss | -0.0271    |
|    std                  | 0.778      |
|    value_loss           | 0.00121    |
----------------------------------------
----------------------------------------
| time/                   |            |
|    fps                  | 166        |
|    iterations           | 27         |
|    time_elapsed         | 2660       |
|    total_timesteps      | 442368     |
| train/                  |            |
|    approx_kl            | 0.18056424 |
|    clip_fraction        | 0.432      |
|    clip_range           | 0.2        |
|    entropy_loss         | -29.7      |
|    explained_variance   | 0.0203     |
|    learning_rate        | 0.0005     |
|    loss                 | -0.0368    |
|    n_updates            | 260        |
|    policy_gradient_loss | -0.00355   |
|    std                  | 0.773      |
|    value_loss           | 0.00109    |
----------------------------------------
----------------------------------------
| time/                   |            |
|    fps                  | 166        |
|    iterations           | 28         |
|    time_elapsed         | 2760       |
|    total_timesteps      | 458752     |
| train/                  |            |
|    approx_kl            | 0.28783387 |
|    clip_fraction        | 0.429      |
|    clip_range           | 0.2        |
|    entropy_loss         | -29.4      |
|    explained_variance   | 0.0211     |
|    learning_rate        | 0.0005     |
|    loss                 | -0.0967    |
|    n_updates            | 270        |
|    policy_gradient_loss | 0.0143     |
|    std                  | 0.769      |
|    value_loss           | 0.000886   |
----------------------------------------
----------------------------------------
| time/                   |            |
|    fps                  | 165        |
|    iterations           | 29         |
|    time_elapsed         | 2864       |
|    total_timesteps      | 475136     |
| train/                  |            |
|    approx_kl            | 0.49351588 |
|    clip_fraction        | 0.439      |
|    clip_range           | 0.2        |
|    entropy_loss         | -29.1      |
|    explained_variance   | 0.0249     |
|    learning_rate        | 0.0005     |
|    loss                 | -0.0246    |
|    n_updates            | 280        |
|    policy_gradient_loss | 0.0266     |
|    std                  | 0.766      |
|    value_loss           | 0.000776   |
----------------------------------------
---------------------------------------
| time/                   |           |
|    fps                  | 165       |
|    iterations           | 30        |
|    time_elapsed         | 2976      |
|    total_timesteps      | 491520    |
| train/                  |           |
|    approx_kl            | 1.2991644 |
|    clip_fraction        | 0.419     |
|    clip_range           | 0.2       |
|    entropy_loss         | -28.9     |
|    explained_variance   | 0.0212    |
|    learning_rate        | 0.0005    |
|    loss                 | -0.0878   |
|    n_updates            | 290       |
|    policy_gradient_loss | 0.0167    |
|    std                  | 0.762     |
|    value_loss           | 0.000841  |
---------------------------------------
---------------------------------------
| time/                   |           |
|    fps                  | 164       |
|    iterations           | 31        |
|    time_elapsed         | 3088      |
|    total_timesteps      | 507904    |
| train/                  |           |
|    approx_kl            | 0.7320022 |
|    clip_fraction        | 0.416     |
|    clip_range           | 0.2       |
|    entropy_loss         | -28.6     |
|    explained_variance   | 0.0295    |
|    learning_rate        | 0.0005    |
|    loss                 | -0.0613   |
|    n_updates            | 300       |
|    policy_gradient_loss | 0.0952    |
|    std                  | 0.758     |
|    value_loss           | 0.000704  |
---------------------------------------
----------------------------------------
| time/                   |            |
|    fps                  | 163        |
|    iterations           | 32         |
|    time_elapsed         | 3197       |
|    total_timesteps      | 524288     |
| train/                  |            |
|    approx_kl            | 0.45804292 |
|    clip_fraction        | 0.406      |
|    clip_range           | 0.2        |
|    entropy_loss         | -28.4      |
|    explained_variance   | 0.0469     |
|    learning_rate        | 0.0005     |
|    loss                 | 0.0308     |
|    n_updates            | 310        |
|    policy_gradient_loss | 0.0937     |
|    std                  | 0.755      |
|    value_loss           | 0.000628   |
----------------------------------------
---------------------------------------
| time/                   |           |
|    fps                  | 163       |
|    iterations           | 33        |
|    time_elapsed         | 3300      |
|    total_timesteps      | 540672    |
| train/                  |           |
|    approx_kl            | 2.7723677 |
|    clip_fraction        | 0.536     |
|    clip_range           | 0.2       |
|    entropy_loss         | -28.4     |
|    explained_variance   | 0.256     |
|    learning_rate        | 0.0005    |
|    loss                 | -0.104    |
|    n_updates            | 320       |
|    policy_gradient_loss | 0.249     |
|    std                  | 0.752     |
|    value_loss           | 0.000422  |
---------------------------------------
---------------------------------------
| time/                   |           |
|    fps                  | 163       |
|    iterations           | 34        |
|    time_elapsed         | 3402      |
|    total_timesteps      | 557056    |
| train/                  |           |
|    approx_kl            | 1.5947919 |
|    clip_fraction        | 0.464     |
|    clip_range           | 0.2       |
|    entropy_loss         | -28.3     |
|    explained_variance   | 0.164     |
|    learning_rate        | 0.0005    |
|    loss                 | -0.121    |
|    n_updates            | 330       |
|    policy_gradient_loss | 0.0811    |
|    std                  | 0.751     |
|    value_loss           | 0.000387  |
---------------------------------------
----------------------------------------
| time/                   |            |
|    fps                  | 163        |
|    iterations           | 35         |
|    time_elapsed         | 3503       |
|    total_timesteps      | 573440     |
| train/                  |            |
|    approx_kl            | 0.09885247 |
|    clip_fraction        | 0.386      |
|    clip_range           | 0.2        |
|    entropy_loss         | -28.1      |
|    explained_variance   | 0.426      |
|    learning_rate        | 0.0005     |
|    loss                 | -0.0291    |
|    n_updates            | 340        |
|    policy_gradient_loss | 0.0249     |
|    std                  | 0.753      |
|    value_loss           | 0.000477   |
----------------------------------------
----------------------------------------
| time/                   |            |
|    fps                  | 163        |
|    iterations           | 36         |
|    time_elapsed         | 3604       |
|    total_timesteps      | 589824     |
| train/                  |            |
|    approx_kl            | 0.11013461 |
|    clip_fraction        | 0.402      |
|    clip_range           | 0.2        |
|    entropy_loss         | -28        |
|    explained_variance   | 0.578      |
|    learning_rate        | 0.0005     |
|    loss                 | -0.0407    |
|    n_updates            | 350        |
|    policy_gradient_loss | 0.0222     |
|    std                  | 0.752      |
|    value_loss           | 0.000471   |
----------------------------------------
---------------------------------------
| time/                   |           |
|    fps                  | 163       |
|    iterations           | 37        |
|    time_elapsed         | 3705      |
|    total_timesteps      | 606208    |
| train/                  |           |
|    approx_kl            | 0.1332652 |
|    clip_fraction        | 0.407     |
|    clip_range           | 0.2       |
|    entropy_loss         | -28       |
|    explained_variance   | 0.53      |
|    learning_rate        | 0.0005    |
|    loss                 | -0.0524   |
|    n_updates            | 360       |
|    policy_gradient_loss | 0.0231    |
|    std                  | 0.752     |
|    value_loss           | 0.000359  |
---------------------------------------
---------------------------------------
| time/                   |           |
|    fps                  | 163       |
|    iterations           | 38        |
|    time_elapsed         | 3806      |
|    total_timesteps      | 622592    |
| train/                  |           |
|    approx_kl            | 0.2263822 |
|    clip_fraction        | 0.416     |
|    clip_range           | 0.2       |
|    entropy_loss         | -27.9     |
|    explained_variance   | 0.539     |
|    learning_rate        | 0.0005    |
|    loss                 | -0.0177   |
|    n_updates            | 370       |
|    policy_gradient_loss | 0.0245    |
|    std                  | 0.751     |
|    value_loss           | 0.000362  |
---------------------------------------
----------------------------------------
| time/                   |            |
|    fps                  | 163        |
|    iterations           | 39         |
|    time_elapsed         | 3916       |
|    total_timesteps      | 638976     |
| train/                  |            |
|    approx_kl            | 0.81630635 |
|    clip_fraction        | 0.475      |
|    clip_range           | 0.2        |
|    entropy_loss         | -27.7      |
|    explained_variance   | 0.503      |
|    learning_rate        | 0.0005     |
|    loss                 | -0.0445    |
|    n_updates            | 380        |
|    policy_gradient_loss | 0.0419     |
|    std                  | 0.75       |
|    value_loss           | 0.000349   |
----------------------------------------
----------------------------------------
| time/                   |            |
|    fps                  | 162        |
|    iterations           | 40         |
|    time_elapsed         | 4025       |
|    total_timesteps      | 655360     |
| train/                  |            |
|    approx_kl            | 0.07554035 |
|    clip_fraction        | 0.434      |
|    clip_range           | 0.2        |
|    entropy_loss         | -27.4      |
|    explained_variance   | 0.497      |
|    learning_rate        | 0.0005     |
|    loss                 | -0.0215    |
|    n_updates            | 390        |
|    policy_gradient_loss | 0.00168    |
|    std                  | 0.748      |
|    value_loss           | 0.000445   |
----------------------------------------
----------------------------------------
| time/                   |            |
|    fps                  | 162        |
|    iterations           | 41         |
|    time_elapsed         | 4129       |
|    total_timesteps      | 671744     |
| train/                  |            |
|    approx_kl            | 0.08594027 |
|    clip_fraction        | 0.439      |
|    clip_range           | 0.2        |
|    entropy_loss         | -27.1      |
|    explained_variance   | 0.522      |
|    learning_rate        | 0.0005     |
|    loss                 | -0.0281    |
|    n_updates            | 400        |
|    policy_gradient_loss | 0.00518    |
|    std                  | 0.747      |
|    value_loss           | 0.000443   |
----------------------------------------
----------------------------------------
| time/                   |            |
|    fps                  | 162        |
|    iterations           | 42         |
|    time_elapsed         | 4228       |
|    total_timesteps      | 688128     |
| train/                  |            |
|    approx_kl            | 0.14490303 |
|    clip_fraction        | 0.437      |
|    clip_range           | 0.2        |
|    entropy_loss         | -27        |
|    explained_variance   | 0.586      |
|    learning_rate        | 0.0005     |
|    loss                 | 0.0866     |
|    n_updates            | 410        |
|    policy_gradient_loss | 0.0136     |
|    std                  | 0.748      |
|    value_loss           | 0.000323   |
----------------------------------------
---------------------------------------
| time/                   |           |
|    fps                  | 162       |
|    iterations           | 43        |
|    time_elapsed         | 4329      |
|    total_timesteps      | 704512    |
| train/                  |           |
|    approx_kl            | 0.1093175 |
|    clip_fraction        | 0.458     |
|    clip_range           | 0.2       |
|    entropy_loss         | -26.8     |
|    explained_variance   | 0.586     |
|    learning_rate        | 0.0005    |
|    loss                 | -0.0194   |
|    n_updates            | 420       |
|    policy_gradient_loss | 0.024     |
|    std                  | 0.745     |
|    value_loss           | 0.000322  |
---------------------------------------
-----------------------------------------
| time/                   |             |
|    fps                  | 162         |
|    iterations           | 44          |
|    time_elapsed         | 4438        |
|    total_timesteps      | 720896      |
| train/                  |             |
|    approx_kl            | 0.118306875 |
|    clip_fraction        | 0.45        |
|    clip_range           | 0.2         |
|    entropy_loss         | -26.7       |
|    explained_variance   | 0.586       |
|    learning_rate        | 0.0005      |
|    loss                 | 0.244       |
|    n_updates            | 430         |
|    policy_gradient_loss | 0.0215      |
|    std                  | 0.745       |
|    value_loss           | 0.000348    |
-----------------------------------------
---------------------------------------
| time/                   |           |
|    fps                  | 162       |
|    iterations           | 45        |
|    time_elapsed         | 4550      |
|    total_timesteps      | 737280    |
| train/                  |           |
|    approx_kl            | 0.6435363 |
|    clip_fraction        | 0.49      |
|    clip_range           | 0.2       |
|    entropy_loss         | -26.6     |
|    explained_variance   | 0.664     |
|    learning_rate        | 0.0005    |
|    loss                 | -0.0297   |
|    n_updates            | 440       |
|    policy_gradient_loss | 0.0391    |
|    std                  | 0.746     |
|    value_loss           | 0.000247  |
---------------------------------------
---------------------------------------
| time/                   |           |
|    fps                  | 161       |
|    iterations           | 46        |
|    time_elapsed         | 4656      |
|    total_timesteps      | 753664    |
| train/                  |           |
|    approx_kl            | 9.9684105 |
|    clip_fraction        | 0.703     |
|    clip_range           | 0.2       |
|    entropy_loss         | -26       |
|    explained_variance   | 0.574     |
|    learning_rate        | 0.0005    |
|    loss                 | 5.32      |
|    n_updates            | 450       |
|    policy_gradient_loss | 0.118     |
|    std                  | 0.745     |
|    value_loss           | 0.000261  |
---------------------------------------
----------------------------------------
| time/                   |            |
|    fps                  | 161        |
|    iterations           | 47         |
|    time_elapsed         | 4766       |
|    total_timesteps      | 770048     |
| train/                  |            |
|    approx_kl            | 0.18320498 |
|    clip_fraction        | 0.55       |
|    clip_range           | 0.2        |
|    entropy_loss         | -25.7      |
|    explained_variance   | 0.283      |
|    learning_rate        | 0.0005     |
|    loss                 | -0.0298    |
|    n_updates            | 460        |
|    policy_gradient_loss | -0.0135    |
|    std                  | 0.742      |
|    value_loss           | 0.000869   |
----------------------------------------
----------------------------------------
| time/                   |            |
|    fps                  | 161        |
|    iterations           | 48         |
|    time_elapsed         | 4877       |
|    total_timesteps      | 786432     |
| train/                  |            |
|    approx_kl            | 0.15679425 |
|    clip_fraction        | 0.528      |
|    clip_range           | 0.2        |
|    entropy_loss         | -25.4      |
|    explained_variance   | 0.413      |
|    learning_rate        | 0.0005     |
|    loss                 | -0.134     |
|    n_updates            | 470        |
|    policy_gradient_loss | -0.00326   |
|    std                  | 0.742      |
|    value_loss           | 0.000695   |
----------------------------------------
----------------------------------------
| time/                   |            |
|    fps                  | 161        |
|    iterations           | 49         |
|    time_elapsed         | 4979       |
|    total_timesteps      | 802816     |
| train/                  |            |
|    approx_kl            | 0.28031874 |
|    clip_fraction        | 0.552      |
|    clip_range           | 0.2        |
|    entropy_loss         | -25.2      |
|    explained_variance   | 0.44       |
|    learning_rate        | 0.0005     |
|    loss                 | -0.0823    |
|    n_updates            | 480        |
|    policy_gradient_loss | 0.00453    |
|    std                  | 0.742      |
|    value_loss           | 0.000652   |
----------------------------------------
---------------------------------------
| time/                   |           |
|    fps                  | 161       |
|    iterations           | 50        |
|    time_elapsed         | 5087      |
|    total_timesteps      | 819200    |
| train/                  |           |
|    approx_kl            | 14.643976 |
|    clip_fraction        | 0.736     |
|    clip_range           | 0.2       |
|    entropy_loss         | -25.1     |
|    explained_variance   | 0.438     |
|    learning_rate        | 0.0005    |
|    loss                 | 0.0604    |
|    n_updates            | 490       |
|    policy_gradient_loss | 0.0238    |
|    std                  | 0.74      |
|    value_loss           | 0.00053   |
---------------------------------------
---------------------------------------
| time/                   |           |
|    fps                  | 160       |
|    iterations           | 51        |
|    time_elapsed         | 5201      |
|    total_timesteps      | 835584    |
| train/                  |           |
|    approx_kl            | 2.2782898 |
|    clip_fraction        | 0.577     |
|    clip_range           | 0.2       |
|    entropy_loss         | -25       |
|    explained_variance   | 0.114     |
|    learning_rate        | 0.0005    |
|    loss                 | -0.0613   |
|    n_updates            | 500       |
|    policy_gradient_loss | -0.000458 |
|    std                  | 0.74      |
|    value_loss           | 0.001     |
---------------------------------------
--------------------------------------
| time/                   |          |
|    fps                  | 160      |
|    iterations           | 52       |
|    time_elapsed         | 5304     |
|    total_timesteps      | 851968   |
| train/                  |          |
|    approx_kl            | 1.100069 |
|    clip_fraction        | 0.602    |
|    clip_range           | 0.2      |
|    entropy_loss         | -24.9    |
|    explained_variance   | 0.343    |
|    learning_rate        | 0.0005   |
|    loss                 | -0.0699  |
|    n_updates            | 510      |
|    policy_gradient_loss | 0.0161   |
|    std                  | 0.742    |
|    value_loss           | 0.000764 |
--------------------------------------
---------------------------------------
| time/                   |           |
|    fps                  | 160       |
|    iterations           | 53        |
|    time_elapsed         | 5406      |
|    total_timesteps      | 868352    |
| train/                  |           |
|    approx_kl            | 2.2733977 |
|    clip_fraction        | 0.574     |
|    clip_range           | 0.2       |
|    entropy_loss         | -24.7     |
|    explained_variance   | 0.391     |
|    learning_rate        | 0.0005    |
|    loss                 | 0.101     |
|    n_updates            | 520       |
|    policy_gradient_loss | 0.0174    |
|    std                  | 0.743     |
|    value_loss           | 0.000774  |
---------------------------------------
---------------------------------------
| time/                   |           |
|    fps                  | 160       |
|    iterations           | 54        |
|    time_elapsed         | 5509      |
|    total_timesteps      | 884736    |
| train/                  |           |
|    approx_kl            | 0.6667386 |
|    clip_fraction        | 0.578     |
|    clip_range           | 0.2       |
|    entropy_loss         | -24.6     |
|    explained_variance   | 0.238     |
|    learning_rate        | 0.0005    |
|    loss                 | -0.0584   |
|    n_updates            | 530       |
|    policy_gradient_loss | -0.00877  |
|    std                  | 0.741     |
|    value_loss           | 0.000815  |
---------------------------------------
---------------------------------------
| time/                   |           |
|    fps                  | 160       |
|    iterations           | 55        |
|    time_elapsed         | 5620      |
|    total_timesteps      | 901120    |
| train/                  |           |
|    approx_kl            | 2.8755822 |
|    clip_fraction        | 0.574     |
|    clip_range           | 0.2       |
|    entropy_loss         | -24.5     |
|    explained_variance   | 0.395     |
|    learning_rate        | 0.0005    |
|    loss                 | -0.00472  |
|    n_updates            | 540       |
|    policy_gradient_loss | 0.0194    |
|    std                  | 0.742     |
|    value_loss           | 0.00067   |
---------------------------------------
----------------------------------------
| time/                   |            |
|    fps                  | 160        |
|    iterations           | 56         |
|    time_elapsed         | 5733       |
|    total_timesteps      | 917504     |
| train/                  |            |
|    approx_kl            | 0.21027678 |
|    clip_fraction        | 0.577      |
|    clip_range           | 0.2        |
|    entropy_loss         | -24.3      |
|    explained_variance   | 0.44       |
|    learning_rate        | 0.0005     |
|    loss                 | 0.181      |
|    n_updates            | 550        |
|    policy_gradient_loss | 0.0153     |
|    std                  | 0.741      |
|    value_loss           | 0.000659   |
----------------------------------------
----------------------------------------
| time/                   |            |
|    fps                  | 159        |
|    iterations           | 57         |
|    time_elapsed         | 5837       |
|    total_timesteps      | 933888     |
| train/                  |            |
|    approx_kl            | 0.33460122 |
|    clip_fraction        | 0.595      |
|    clip_range           | 0.2        |
|    entropy_loss         | -24.1      |
|    explained_variance   | 0.491      |
|    learning_rate        | 0.0005     |
|    loss                 | -0.0375    |
|    n_updates            | 560        |
|    policy_gradient_loss | 0.0174     |
|    std                  | 0.741      |
|    value_loss           | 0.000761   |
----------------------------------------
---------------------------------------
| time/                   |           |
|    fps                  | 159       |
|    iterations           | 58        |
|    time_elapsed         | 5948      |
|    total_timesteps      | 950272    |
| train/                  |           |
|    approx_kl            | 0.3533729 |
|    clip_fraction        | 0.626     |
|    clip_range           | 0.2       |
|    entropy_loss         | -23.8     |
|    explained_variance   | 0.531     |
|    learning_rate        | 0.0005    |
|    loss                 | -0.0159   |
|    n_updates            | 570       |
|    policy_gradient_loss | 0.0161    |
|    std                  | 0.747     |
|    value_loss           | 0.00066   |
---------------------------------------
----------------------------------------
| time/                   |            |
|    fps                  | 159        |
|    iterations           | 59         |
|    time_elapsed         | 6061       |
|    total_timesteps      | 966656     |
| train/                  |            |
|    approx_kl            | 0.38644752 |
|    clip_fraction        | 0.63       |
|    clip_range           | 0.2        |
|    entropy_loss         | -23.6      |
|    explained_variance   | 0.55       |
|    learning_rate        | 0.0005     |
|    loss                 | 0.147      |
|    n_updates            | 580        |
|    policy_gradient_loss | 0.0344     |
|    std                  | 0.749      |
|    value_loss           | 0.000613   |
----------------------------------------
----------------------------------------
| time/                   |            |
|    fps                  | 159        |
|    iterations           | 60         |
|    time_elapsed         | 6161       |
|    total_timesteps      | 983040     |
| train/                  |            |
|    approx_kl            | 0.43252805 |
|    clip_fraction        | 0.634      |
|    clip_range           | 0.2        |
|    entropy_loss         | -23.5      |
|    explained_variance   | 0.58       |
|    learning_rate        | 0.0005     |
|    loss                 | -0.133     |
|    n_updates            | 590        |
|    policy_gradient_loss | 0.0381     |
|    std                  | 0.75       |
|    value_loss           | 0.00063    |
----------------------------------------
----------------------------------------
| time/                   |            |
|    fps                  | 159        |
|    iterations           | 61         |
|    time_elapsed         | 6261       |
|    total_timesteps      | 999424     |
| train/                  |            |
|    approx_kl            | 0.28931993 |
|    clip_fraction        | 0.665      |
|    clip_range           | 0.2        |
|    entropy_loss         | -23.3      |
|    explained_variance   | 0.594      |
|    learning_rate        | 0.0005     |
|    loss                 | 0.144      |
|    n_updates            | 600        |
|    policy_gradient_loss | 0.0266     |
|    std                  | 0.749      |
|    value_loss           | 0.000658   |
----------------------------------------
---------------------------------------
| time/                   |           |
|    fps                  | 159       |
|    iterations           | 62        |
|    time_elapsed         | 6364      |
|    total_timesteps      | 1015808   |
| train/                  |           |
|    approx_kl            | 0.6976547 |
|    clip_fraction        | 0.686     |
|    clip_range           | 0.2       |
|    entropy_loss         | -23.1     |
|    explained_variance   | 0.692     |
|    learning_rate        | 0.0005    |
|    loss                 | 0.166     |
|    n_updates            | 610       |
|    policy_gradient_loss | 0.0543    |
|    std                  | 0.748     |
|    value_loss           | 0.000571  |
---------------------------------------
 100% ━━━━━━━━━━━━━━━━━━━━━━ 1,015,808/1,000,000  [ 1:45:55 < 0:00:00 , ? it/s ]
/root/miniconda3/envs/rl/lib/python3.12/site-packages/stable_baselines3/common/evaluation.py:67: UserWarning: Evaluation environment is not wrapped with a ``Monitor`` wrapper. This may result in reporting modified episode lengths and rewards, if other wrappers happen to modify these. Consider wrapping environment first with ``Monitor`` wrapper.
  warnings.warn(
Mean reward: 0.41 +/- 0.05
